<?xml version="1.0" encoding="UTF-8"?>
<!-- Generated by org.testng.reporters.JUnitReportReporter -->
<testsuite hostname="LAPTOP-GPD9JEVI" failures="0" tests="1" name="com.testCases.InventeryTest" time="0.113" errors="0" timestamp="2022-07-20T18:30:14 IST" skipped="0">
  <testcase classname="com.testCases.InventeryTest" name="addToCart" time="0.113"/>
  <system-out/>
</testsuite> <!-- com.testCases.InventeryTest -->
